(venv) geehyess@synapse-digital
~/Documents/Code/test/fastAPi-Carte (main *=)
❯ python run.py 
INFO:     Will watch for changes in these directories: ['/home/geehyess/Documents/Code/test/fastAPi-Carte']
INFO:     Uvicorn running on http://0.0.0.0:8000 (Press CTRL+C to quit)
INFO:     Started reloader process [46069] using WatchFiles
INFO:     Started server process [46073]
INFO:     Waiting for application startup.
2025-10-21 07:38:45.644 | INFO     | api.main             | ✅ Connected to MongoDB!
✅ Connected to MongoDB!
INFO:     Application startup complete.
INFO:     127.0.0.1:56190 - "OPTIONS /api/payroll?store_id=68e28478a5cf3983c41f755b HTTP/1.1" 200 OK
INFO:     127.0.0.1:56190 - "OPTIONS /api/employees?store_id=68e28478a5cf3983c41f755b HTTP/1.1" 200 OK
2025-10-21 07:38:54.962 | INFO     | api.middleware       | REQUEST [d25bb30b] | GET /api/payroll | Client: 127.0.0.1 | User-Agent: Mozilla/5.0 (X11; Linux x86_64; rv:143.0) Gecko/20100101 Firefox/143.0
2025-10-21 07:38:54.965 | INFO     | api.middleware       | REQUEST [c5caabd6] | GET /api/health | Client: 127.0.0.1 | User-Agent: Mozilla/5.0 (X11; Linux x86_64; rv:143.0) Gecko/20100101 Firefox/143.0
2025-10-21 07:38:54.970 | INFO     | api.response         | SUCCESS RESPONSE | Code: 200 | Message: success
INFO:     127.0.0.1:56202 - "OPTIONS /api/payroll_settings?store_id=68e28478a5cf3983c41f755b HTTP/1.1" 200 OK
INFO:     127.0.0.1:56212 - "OPTIONS /api/job_titles?store_id=68e28478a5cf3983c41f755b HTTP/1.1" 200 OK
2025-10-21 07:38:54.973 | INFO     | api.middleware       | RESPONSE [c5caabd6] | Status: 200 | Time: 0.008s
INFO:     127.0.0.1:56196 - "GET /api/health HTTP/1.1" 200 OK
INFO:     127.0.0.1:56228 - "OPTIONS /api/timesheet_entries?store_id=68e28478a5cf3983c41f755b HTTP/1.1" 200 OK
2025-10-21 07:38:54.978 | INFO     | api.middleware       | REQUEST [a954fa83] | GET /api/payroll_settings | Client: 127.0.0.1 | User-Agent: Mozilla/5.0 (X11; Linux x86_64; rv:143.0) Gecko/20100101 Firefox/143.0
2025-10-21 07:38:54.979 | INFO     | api.middleware       | REQUEST [71bfea5b] | GET /api/employees | Client: 127.0.0.1 | User-Agent: Mozilla/5.0 (X11; Linux x86_64; rv:143.0) Gecko/20100101 Firefox/143.0
2025-10-21 07:38:54.992 | INFO     | api.middleware       | REQUEST [6684f342] | GET /api/job_titles | Client: 127.0.0.1 | User-Agent: Mozilla/5.0 (X11; Linux x86_64; rv:143.0) Gecko/20100101 Firefox/143.0
2025-10-21 07:38:54.996 | INFO     | api.middleware       | REQUEST [199c966f] | GET /api/timesheet_entries | Client: 127.0.0.1 | User-Agent: Mozilla/5.0 (X11; Linux x86_64; rv:143.0) Gecko/20100101 Firefox/143.0
2025-10-21 07:38:55.008 | INFO     | api.middleware       | REQUEST [bf936780] | GET /api/health | Client: 127.0.0.1 | User-Agent: Mozilla/5.0 (X11; Linux x86_64; rv:143.0) Gecko/20100101 Firefox/143.0
2025-10-21 07:38:55.011 | INFO     | api.response         | SUCCESS RESPONSE | Code: 200 | Message: success
2025-10-21 07:38:55.012 | INFO     | api.middleware       | RESPONSE [bf936780] | Status: 200 | Time: 0.004s
INFO:     127.0.0.1:56228 - "GET /api/health HTTP/1.1" 200 OK
2025-10-21 07:38:55.061 | INFO     | api.database         | DB FIND | Collection: payroll
2025-10-21 07:38:55.061 | INFO     | api.response         | SUCCESS RESPONSE | Code: 200 | Message: success
2025-10-21 07:38:55.062 | ERROR    | api.middleware       | ERROR [d25bb30b] | Exception: 8 validation errors:
  {'type': 'string_type', 'loc': ('response', 'data', 0, 'pay_period_start'), 'msg': 'Input should be a valid string', 'input': datetime.datetime(2025, 9, 22, 0, 0)}
  {'type': 'string_type', 'loc': ('response', 'data', 0, 'pay_period_end'), 'msg': 'Input should be a valid string', 'input': datetime.datetime(2025, 9, 29, 0, 0)}
  {'type': 'string_type', 'loc': ('response', 'data', 1, 'pay_period_start'), 'msg': 'Input should be a valid string', 'input': datetime.datetime(2025, 9, 22, 0, 0)}
  {'type': 'string_type', 'loc': ('response', 'data', 1, 'pay_period_end'), 'msg': 'Input should be a valid string', 'input': datetime.datetime(2025, 9, 29, 0, 0)}
  {'type': 'string_type', 'loc': ('response', 'data', 2, 'pay_period_start'), 'msg': 'Input should be a valid string', 'input': datetime.datetime(2025, 9, 22, 0, 0)}
  {'type': 'string_type', 'loc': ('response', 'data', 2, 'pay_period_end'), 'msg': 'Input should be a valid string', 'input': datetime.datetime(2025, 9, 29, 0, 0)}
  {'type': 'string_type', 'loc': ('response', 'data', 3, 'pay_period_start'), 'msg': 'Input should be a valid string', 'input': datetime.datetime(2025, 10, 5, 0, 0)}
  {'type': 'string_type', 'loc': ('response', 'data', 3, 'pay_period_end'), 'msg': 'Input should be a valid string', 'input': datetime.datetime(2025, 10, 26, 0, 0)}
 | Time: 0.100s
Traceback (most recent call last):
  File "/home/geehyess/Documents/Code/test/fastAPi-Carte/venv/lib/python3.13/site-packages/starlette/middleware/base.py", line 151, in call_next
    message = await recv_stream.receive()
              ^^^^^^^^^^^^^^^^^^^^^^^^^^^
  File "/home/geehyess/Documents/Code/test/fastAPi-Carte/venv/lib/python3.13/site-packages/anyio/streams/memory.py", line 126, in receive
    raise EndOfStream from None
anyio.EndOfStream

During handling of the above exception, another exception occurred:

Traceback (most recent call last):
  File "/home/geehyess/Documents/Code/test/fastAPi-Carte/app/middleware/logging_middleware.py", line 40, in dispatch
    response = await call_next(request)
               ^^^^^^^^^^^^^^^^^^^^^^^^
  File "/home/geehyess/Documents/Code/test/fastAPi-Carte/venv/lib/python3.13/site-packages/starlette/middleware/base.py", line 159, in call_next
    raise app_exc
  File "/home/geehyess/Documents/Code/test/fastAPi-Carte/venv/lib/python3.13/site-packages/starlette/middleware/base.py", line 144, in coro
    await self.app(scope, receive_or_disconnect, send_no_error)
  File "/home/geehyess/Documents/Code/test/fastAPi-Carte/venv/lib/python3.13/site-packages/starlette/middleware/exceptions.py", line 63, in __call__
    await wrap_app_handling_exceptions(self.app, conn)(scope, receive, send)
  File "/home/geehyess/Documents/Code/test/fastAPi-Carte/venv/lib/python3.13/site-packages/starlette/_exception_handler.py", line 53, in wrapped_app
    raise exc
  File "/home/geehyess/Documents/Code/test/fastAPi-Carte/venv/lib/python3.13/site-packages/starlette/_exception_handler.py", line 42, in wrapped_app
    await app(scope, receive, sender)
  File "/home/geehyess/Documents/Code/test/fastAPi-Carte/venv/lib/python3.13/site-packages/starlette/routing.py", line 716, in __call__
    await self.middleware_stack(scope, receive, send)
  File "/home/geehyess/Documents/Code/test/fastAPi-Carte/venv/lib/python3.13/site-packages/starlette/routing.py", line 736, in app
    await route.handle(scope, receive, send)
  File "/home/geehyess/Documents/Code/test/fastAPi-Carte/venv/lib/python3.13/site-packages/starlette/routing.py", line 290, in handle
    await self.app(scope, receive, send)
  File "/home/geehyess/Documents/Code/test/fastAPi-Carte/venv/lib/python3.13/site-packages/starlette/routing.py", line 78, in app
    await wrap_app_handling_exceptions(app, request)(scope, receive, send)
  File "/home/geehyess/Documents/Code/test/fastAPi-Carte/venv/lib/python3.13/site-packages/starlette/_exception_handler.py", line 53, in wrapped_app
    raise exc
  File "/home/geehyess/Documents/Code/test/fastAPi-Carte/venv/lib/python3.13/site-packages/starlette/_exception_handler.py", line 42, in wrapped_app
    await app(scope, receive, sender)
  File "/home/geehyess/Documents/Code/test/fastAPi-Carte/venv/lib/python3.13/site-packages/starlette/routing.py", line 75, in app
    response = await f(request)
               ^^^^^^^^^^^^^^^^
  File "/home/geehyess/Documents/Code/test/fastAPi-Carte/venv/lib/python3.13/site-packages/fastapi/routing.py", line 334, in app
    content = await serialize_response(
              ^^^^^^^^^^^^^^^^^^^^^^^^^
    ...<9 lines>...
    )
    ^
  File "/home/geehyess/Documents/Code/test/fastAPi-Carte/venv/lib/python3.13/site-packages/fastapi/routing.py", line 183, in serialize_response
    raise ResponseValidationError(
        errors=_normalize_errors(errors), body=response_content
    )
fastapi.exceptions.ResponseValidationError: 8 validation errors:
  {'type': 'string_type', 'loc': ('response', 'data', 0, 'pay_period_start'), 'msg': 'Input should be a valid string', 'input': datetime.datetime(2025, 9, 22, 0, 0)}
  {'type': 'string_type', 'loc': ('response', 'data', 0, 'pay_period_end'), 'msg': 'Input should be a valid string', 'input': datetime.datetime(2025, 9, 29, 0, 0)}
  {'type': 'string_type', 'loc': ('response', 'data', 1, 'pay_period_start'), 'msg': 'Input should be a valid string', 'input': datetime.datetime(2025, 9, 22, 0, 0)}
  {'type': 'string_type', 'loc': ('response', 'data', 1, 'pay_period_end'), 'msg': 'Input should be a valid string', 'input': datetime.datetime(2025, 9, 29, 0, 0)}
  {'type': 'string_type', 'loc': ('response', 'data', 2, 'pay_period_start'), 'msg': 'Input should be a valid string', 'input': datetime.datetime(2025, 9, 22, 0, 0)}
  {'type': 'string_type', 'loc': ('response', 'data', 2, 'pay_period_end'), 'msg': 'Input should be a valid string', 'input': datetime.datetime(2025, 9, 29, 0, 0)}
  {'type': 'string_type', 'loc': ('response', 'data', 3, 'pay_period_start'), 'msg': 'Input should be a valid string', 'input': datetime.datetime(2025, 10, 5, 0, 0)}
  {'type': 'string_type', 'loc': ('response', 'data', 3, 'pay_period_end'), 'msg': 'Input should be a valid string', 'input': datetime.datetime(2025, 10, 26, 0, 0)}

INFO:     127.0.0.1:56190 - "GET /api/payroll?store_id=68e28478a5cf3983c41f755b HTTP/1.1" 500 Internal Server Error
ERROR:    Exception in ASGI application
  + Exception Group Traceback (most recent call last):
  |   File "/home/geehyess/Documents/Code/test/fastAPi-Carte/venv/lib/python3.13/site-packages/starlette/_utils.py", line 79, in collapse_excgroups
  |     yield
  |   File "/home/geehyess/Documents/Code/test/fastAPi-Carte/venv/lib/python3.13/site-packages/starlette/middleware/base.py", line 183, in __call__
  |     async with anyio.create_task_group() as task_group:
  |                ~~~~~~~~~~~~~~~~~~~~~~~^^
  |   File "/home/geehyess/Documents/Code/test/fastAPi-Carte/venv/lib/python3.13/site-packages/anyio/_backends/_asyncio.py", line 772, in __aexit__
  |     raise BaseExceptionGroup(
  |         "unhandled errors in a TaskGroup", self._exceptions
  |     ) from None
  | ExceptionGroup: unhandled errors in a TaskGroup (1 sub-exception)
  +-+---------------- 1 ----------------
    | Traceback (most recent call last):
    |   File "/home/geehyess/Documents/Code/test/fastAPi-Carte/venv/lib/python3.13/site-packages/uvicorn/protocols/http/httptools_impl.py", line 409, in run_asgi
    |     result = await app(  # type: ignore[func-returns-value]
    |              ^^^^^^^^^^^^^^^^^^^^^^^^^^^^^^^^^^^^^^^^^^^^^^
    |         self.scope, self.receive, self.send
    |         ^^^^^^^^^^^^^^^^^^^^^^^^^^^^^^^^^^^
    |     )
    |     ^
    |   File "/home/geehyess/Documents/Code/test/fastAPi-Carte/venv/lib/python3.13/site-packages/uvicorn/middleware/proxy_headers.py", line 60, in __call__
    |     return await self.app(scope, receive, send)
    |            ^^^^^^^^^^^^^^^^^^^^^^^^^^^^^^^^^^^^
    |   File "/home/geehyess/Documents/Code/test/fastAPi-Carte/venv/lib/python3.13/site-packages/fastapi/applications.py", line 1082, in __call__
    |     await super().__call__(scope, receive, send)
    |   File "/home/geehyess/Documents/Code/test/fastAPi-Carte/venv/lib/python3.13/site-packages/starlette/applications.py", line 113, in __call__
    |     await self.middleware_stack(scope, receive, send)
    |   File "/home/geehyess/Documents/Code/test/fastAPi-Carte/venv/lib/python3.13/site-packages/starlette/middleware/errors.py", line 186, in __call__
    |     raise exc
    |   File "/home/geehyess/Documents/Code/test/fastAPi-Carte/venv/lib/python3.13/site-packages/starlette/middleware/errors.py", line 164, in __call__
    |     await self.app(scope, receive, _send)
    |   File "/home/geehyess/Documents/Code/test/fastAPi-Carte/venv/lib/python3.13/site-packages/starlette/middleware/cors.py", line 93, in __call__
    |     await self.simple_response(scope, receive, send, request_headers=headers)
    |   File "/home/geehyess/Documents/Code/test/fastAPi-Carte/venv/lib/python3.13/site-packages/starlette/middleware/cors.py", line 144, in simple_response
    |     await self.app(scope, receive, send)
    |   File "/home/geehyess/Documents/Code/test/fastAPi-Carte/venv/lib/python3.13/site-packages/starlette/middleware/base.py", line 182, in __call__
    |     with recv_stream, send_stream, collapse_excgroups():
    |                                    ~~~~~~~~~~~~~~~~~~^^
    |   File "/usr/lib/python3.13/contextlib.py", line 162, in __exit__
    |     self.gen.throw(value)
    |     ~~~~~~~~~~~~~~^^^^^^^
    |   File "/home/geehyess/Documents/Code/test/fastAPi-Carte/venv/lib/python3.13/site-packages/starlette/_utils.py", line 85, in collapse_excgroups
    |     raise exc
    |   File "/home/geehyess/Documents/Code/test/fastAPi-Carte/venv/lib/python3.13/site-packages/starlette/middleware/base.py", line 184, in __call__
    |     response = await self.dispatch_func(request, call_next)
    |                ^^^^^^^^^^^^^^^^^^^^^^^^^^^^^^^^^^^^^^^^^^^^
    |   File "/home/geehyess/Documents/Code/test/fastAPi-Carte/app/middleware/logging_middleware.py", line 40, in dispatch
    |     response = await call_next(request)
    |                ^^^^^^^^^^^^^^^^^^^^^^^^
    |   File "/home/geehyess/Documents/Code/test/fastAPi-Carte/venv/lib/python3.13/site-packages/starlette/middleware/base.py", line 159, in call_next
    |     raise app_exc
    |   File "/home/geehyess/Documents/Code/test/fastAPi-Carte/venv/lib/python3.13/site-packages/starlette/middleware/base.py", line 144, in coro
    |     await self.app(scope, receive_or_disconnect, send_no_error)
    |   File "/home/geehyess/Documents/Code/test/fastAPi-Carte/venv/lib/python3.13/site-packages/starlette/middleware/exceptions.py", line 63, in __call__
    |     await wrap_app_handling_exceptions(self.app, conn)(scope, receive, send)
    |   File "/home/geehyess/Documents/Code/test/fastAPi-Carte/venv/lib/python3.13/site-packages/starlette/_exception_handler.py", line 53, in wrapped_app
    |     raise exc
    |   File "/home/geehyess/Documents/Code/test/fastAPi-Carte/venv/lib/python3.13/site-packages/starlette/_exception_handler.py", line 42, in wrapped_app
    |     await app(scope, receive, sender)
    |   File "/home/geehyess/Documents/Code/test/fastAPi-Carte/venv/lib/python3.13/site-packages/starlette/routing.py", line 716, in __call__
    |     await self.middleware_stack(scope, receive, send)
    |   File "/home/geehyess/Documents/Code/test/fastAPi-Carte/venv/lib/python3.13/site-packages/starlette/routing.py", line 736, in app
    |     await route.handle(scope, receive, send)
    |   File "/home/geehyess/Documents/Code/test/fastAPi-Carte/venv/lib/python3.13/site-packages/starlette/routing.py", line 290, in handle
    |     await self.app(scope, receive, send)
    |   File "/home/geehyess/Documents/Code/test/fastAPi-Carte/venv/lib/python3.13/site-packages/starlette/routing.py", line 78, in app
    |     await wrap_app_handling_exceptions(app, request)(scope, receive, send)
    |   File "/home/geehyess/Documents/Code/test/fastAPi-Carte/venv/lib/python3.13/site-packages/starlette/_exception_handler.py", line 53, in wrapped_app
    |     raise exc
    |   File "/home/geehyess/Documents/Code/test/fastAPi-Carte/venv/lib/python3.13/site-packages/starlette/_exception_handler.py", line 42, in wrapped_app
    |     await app(scope, receive, sender)
    |   File "/home/geehyess/Documents/Code/test/fastAPi-Carte/venv/lib/python3.13/site-packages/starlette/routing.py", line 75, in app
    |     response = await f(request)
    |                ^^^^^^^^^^^^^^^^
    |   File "/home/geehyess/Documents/Code/test/fastAPi-Carte/venv/lib/python3.13/site-packages/fastapi/routing.py", line 334, in app
    |     content = await serialize_response(
    |               ^^^^^^^^^^^^^^^^^^^^^^^^^
    |     ...<9 lines>...
    |     )
    |     ^
    |   File "/home/geehyess/Documents/Code/test/fastAPi-Carte/venv/lib/python3.13/site-packages/fastapi/routing.py", line 183, in serialize_response
    |     raise ResponseValidationError(
    |         errors=_normalize_errors(errors), body=response_content
    |     )
    | fastapi.exceptions.ResponseValidationError: 8 validation errors:
    |   {'type': 'string_type', 'loc': ('response', 'data', 0, 'pay_period_start'), 'msg': 'Input should be a valid string', 'input': datetime.datetime(2025, 9, 22, 0, 0)}
    |   {'type': 'string_type', 'loc': ('response', 'data', 0, 'pay_period_end'), 'msg': 'Input should be a valid string', 'input': datetime.datetime(2025, 9, 29, 0, 0)}
    |   {'type': 'string_type', 'loc': ('response', 'data', 1, 'pay_period_start'), 'msg': 'Input should be a valid string', 'input': datetime.datetime(2025, 9, 22, 0, 0)}
    |   {'type': 'string_type', 'loc': ('response', 'data', 1, 'pay_period_end'), 'msg': 'Input should be a valid string', 'input': datetime.datetime(2025, 9, 29, 0, 0)}
    |   {'type': 'string_type', 'loc': ('response', 'data', 2, 'pay_period_start'), 'msg': 'Input should be a valid string', 'input': datetime.datetime(2025, 9, 22, 0, 0)}
    |   {'type': 'string_type', 'loc': ('response', 'data', 2, 'pay_period_end'), 'msg': 'Input should be a valid string', 'input': datetime.datetime(2025, 9, 29, 0, 0)}
    |   {'type': 'string_type', 'loc': ('response', 'data', 3, 'pay_period_start'), 'msg': 'Input should be a valid string', 'input': datetime.datetime(2025, 10, 5, 0, 0)}
    |   {'type': 'string_type', 'loc': ('response', 'data', 3, 'pay_period_end'), 'msg': 'Input should be a valid string', 'input': datetime.datetime(2025, 10, 26, 0, 0)}
    | 
    +------------------------------------

During handling of the above exception, another exception occurred:

Traceback (most recent call last):
  File "/home/geehyess/Documents/Code/test/fastAPi-Carte/venv/lib/python3.13/site-packages/uvicorn/protocols/http/httptools_impl.py", line 409, in run_asgi
    result = await app(  # type: ignore[func-returns-value]
             ^^^^^^^^^^^^^^^^^^^^^^^^^^^^^^^^^^^^^^^^^^^^^^
        self.scope, self.receive, self.send
        ^^^^^^^^^^^^^^^^^^^^^^^^^^^^^^^^^^^
    )
    ^
  File "/home/geehyess/Documents/Code/test/fastAPi-Carte/venv/lib/python3.13/site-packages/uvicorn/middleware/proxy_headers.py", line 60, in __call__
    return await self.app(scope, receive, send)
           ^^^^^^^^^^^^^^^^^^^^^^^^^^^^^^^^^^^^
  File "/home/geehyess/Documents/Code/test/fastAPi-Carte/venv/lib/python3.13/site-packages/fastapi/applications.py", line 1082, in __call__
    await super().__call__(scope, receive, send)
  File "/home/geehyess/Documents/Code/test/fastAPi-Carte/venv/lib/python3.13/site-packages/starlette/applications.py", line 113, in __call__
    await self.middleware_stack(scope, receive, send)
  File "/home/geehyess/Documents/Code/test/fastAPi-Carte/venv/lib/python3.13/site-packages/starlette/middleware/errors.py", line 186, in __call__
    raise exc
  File "/home/geehyess/Documents/Code/test/fastAPi-Carte/venv/lib/python3.13/site-packages/starlette/middleware/errors.py", line 164, in __call__
    await self.app(scope, receive, _send)
  File "/home/geehyess/Documents/Code/test/fastAPi-Carte/venv/lib/python3.13/site-packages/starlette/middleware/cors.py", line 93, in __call__
    await self.simple_response(scope, receive, send, request_headers=headers)
  File "/home/geehyess/Documents/Code/test/fastAPi-Carte/venv/lib/python3.13/site-packages/starlette/middleware/cors.py", line 144, in simple_response
    await self.app(scope, receive, send)
  File "/home/geehyess/Documents/Code/test/fastAPi-Carte/venv/lib/python3.13/site-packages/starlette/middleware/base.py", line 182, in __call__
    with recv_stream, send_stream, collapse_excgroups():
                                   ~~~~~~~~~~~~~~~~~~^^
  File "/usr/lib/python3.13/contextlib.py", line 162, in __exit__
    self.gen.throw(value)
    ~~~~~~~~~~~~~~^^^^^^^
  File "/home/geehyess/Documents/Code/test/fastAPi-Carte/venv/lib/python3.13/site-packages/starlette/_utils.py", line 85, in collapse_excgroups
    raise exc
  File "/home/geehyess/Documents/Code/test/fastAPi-Carte/venv/lib/python3.13/site-packages/starlette/middleware/base.py", line 184, in __call__
    response = await self.dispatch_func(request, call_next)
               ^^^^^^^^^^^^^^^^^^^^^^^^^^^^^^^^^^^^^^^^^^^^
  File "/home/geehyess/Documents/Code/test/fastAPi-Carte/app/middleware/logging_middleware.py", line 40, in dispatch
    response = await call_next(request)
               ^^^^^^^^^^^^^^^^^^^^^^^^
  File "/home/geehyess/Documents/Code/test/fastAPi-Carte/venv/lib/python3.13/site-packages/starlette/middleware/base.py", line 159, in call_next
    raise app_exc
  File "/home/geehyess/Documents/Code/test/fastAPi-Carte/venv/lib/python3.13/site-packages/starlette/middleware/base.py", line 144, in coro
    await self.app(scope, receive_or_disconnect, send_no_error)
  File "/home/geehyess/Documents/Code/test/fastAPi-Carte/venv/lib/python3.13/site-packages/starlette/middleware/exceptions.py", line 63, in __call__
    await wrap_app_handling_exceptions(self.app, conn)(scope, receive, send)
  File "/home/geehyess/Documents/Code/test/fastAPi-Carte/venv/lib/python3.13/site-packages/starlette/_exception_handler.py", line 53, in wrapped_app
    raise exc
  File "/home/geehyess/Documents/Code/test/fastAPi-Carte/venv/lib/python3.13/site-packages/starlette/_exception_handler.py", line 42, in wrapped_app
    await app(scope, receive, sender)
  File "/home/geehyess/Documents/Code/test/fastAPi-Carte/venv/lib/python3.13/site-packages/starlette/routing.py", line 716, in __call__
    await self.middleware_stack(scope, receive, send)
  File "/home/geehyess/Documents/Code/test/fastAPi-Carte/venv/lib/python3.13/site-packages/starlette/routing.py", line 736, in app
    await route.handle(scope, receive, send)
  File "/home/geehyess/Documents/Code/test/fastAPi-Carte/venv/lib/python3.13/site-packages/starlette/routing.py", line 290, in handle
    await self.app(scope, receive, send)
  File "/home/geehyess/Documents/Code/test/fastAPi-Carte/venv/lib/python3.13/site-packages/starlette/routing.py", line 78, in app
    await wrap_app_handling_exceptions(app, request)(scope, receive, send)
  File "/home/geehyess/Documents/Code/test/fastAPi-Carte/venv/lib/python3.13/site-packages/starlette/_exception_handler.py", line 53, in wrapped_app
    raise exc
  File "/home/geehyess/Documents/Code/test/fastAPi-Carte/venv/lib/python3.13/site-packages/starlette/_exception_handler.py", line 42, in wrapped_app
    await app(scope, receive, sender)
  File "/home/geehyess/Documents/Code/test/fastAPi-Carte/venv/lib/python3.13/site-packages/starlette/routing.py", line 75, in app
    response = await f(request)
               ^^^^^^^^^^^^^^^^
  File "/home/geehyess/Documents/Code/test/fastAPi-Carte/venv/lib/python3.13/site-packages/fastapi/routing.py", line 334, in app
    content = await serialize_response(
              ^^^^^^^^^^^^^^^^^^^^^^^^^
    ...<9 lines>...
    )
    ^
  File "/home/geehyess/Documents/Code/test/fastAPi-Carte/venv/lib/python3.13/site-packages/fastapi/routing.py", line 183, in serialize_response
    raise ResponseValidationError(
        errors=_normalize_errors(errors), body=response_content
    )
fastapi.exceptions.ResponseValidationError: 8 validation errors:
  {'type': 'string_type', 'loc': ('response', 'data', 0, 'pay_period_start'), 'msg': 'Input should be a valid string', 'input': datetime.datetime(2025, 9, 22, 0, 0)}
  {'type': 'string_type', 'loc': ('response', 'data', 0, 'pay_period_end'), 'msg': 'Input should be a valid string', 'input': datetime.datetime(2025, 9, 29, 0, 0)}
  {'type': 'string_type', 'loc': ('response', 'data', 1, 'pay_period_start'), 'msg': 'Input should be a valid string', 'input': datetime.datetime(2025, 9, 22, 0, 0)}
  {'type': 'string_type', 'loc': ('response', 'data', 1, 'pay_period_end'), 'msg': 'Input should be a valid string', 'input': datetime.datetime(2025, 9, 29, 0, 0)}
  {'type': 'string_type', 'loc': ('response', 'data', 2, 'pay_period_start'), 'msg': 'Input should be a valid string', 'input': datetime.datetime(2025, 9, 22, 0, 0)}
  {'type': 'string_type', 'loc': ('response', 'data', 2, 'pay_period_end'), 'msg': 'Input should be a valid string', 'input': datetime.datetime(2025, 9, 29, 0, 0)}
  {'type': 'string_type', 'loc': ('response', 'data', 3, 'pay_period_start'), 'msg': 'Input should be a valid string', 'input': datetime.datetime(2025, 10, 5, 0, 0)}
  {'type': 'string_type', 'loc': ('response', 'data', 3, 'pay_period_end'), 'msg': 'Input should be a valid string', 'input': datetime.datetime(2025, 10, 26, 0, 0)}

INFO:     127.0.0.1:56228 - "OPTIONS /api/payroll?store_id=68e28478a5cf3983c41f755b HTTP/1.1" 200 OK
2025-10-21 07:38:55.103 | INFO     | api.middleware       | REQUEST [4f582725] | GET /api/payroll | Client: 127.0.0.1 | User-Agent: Mozilla/5.0 (X11; Linux x86_64; rv:143.0) Gecko/20100101 Firefox/143.0
2025-10-21 07:38:55.141 | INFO     | api.database         | DB FIND | Collection: job_titles
2025-10-21 07:38:55.141 | INFO     | api.response         | SUCCESS RESPONSE | Code: 200 | Message: success
2025-10-21 07:38:55.144 | INFO     | api.middleware       | RESPONSE [6684f342] | Status: 200 | Time: 0.152s
INFO:     127.0.0.1:56212 - "GET /api/job_titles?store_id=68e28478a5cf3983c41f755b HTTP/1.1" 200 OK
2025-10-21 07:38:55.149 | INFO     | api.middleware       | REQUEST [4e512288] | GET /api/job_titles | Client: 127.0.0.1 | User-Agent: Mozilla/5.0 (X11; Linux x86_64; rv:143.0) Gecko/20100101 Firefox/143.0
2025-10-21 07:38:55.297 | INFO     | api.database         | DB FIND | Collection: timesheet_entries
2025-10-21 07:38:55.300 | INFO     | api.response         | SUCCESS RESPONSE | Code: 200 | Message: success
2025-10-21 07:38:55.303 | INFO     | api.middleware       | RESPONSE [199c966f] | Status: 200 | Time: 0.307s
INFO:     127.0.0.1:56196 - "GET /api/timesheet_entries?store_id=68e28478a5cf3983c41f755b HTTP/1.1" 200 OK
2025-10-21 07:38:55.311 | INFO     | api.middleware       | REQUEST [6be9f34d] | GET /api/timesheet_entries | Client: 127.0.0.1 | User-Agent: Mozilla/5.0 (X11; Linux x86_64; rv:143.0) Gecko/20100101 Firefox/143.0
2025-10-21 07:38:55.372 | INFO     | api.database         | DB FIND | Collection: payroll
2025-10-21 07:38:55.373 | INFO     | api.response         | SUCCESS RESPONSE | Code: 200 | Message: success
2025-10-21 07:38:55.376 | ERROR    | api.middleware       | ERROR [4f582725] | Exception: 8 validation errors:
  {'type': 'string_type', 'loc': ('response', 'data', 0, 'pay_period_start'), 'msg': 'Input should be a valid string', 'input': datetime.datetime(2025, 9, 22, 0, 0)}
  {'type': 'string_type', 'loc': ('response', 'data', 0, 'pay_period_end'), 'msg': 'Input should be a valid string', 'input': datetime.datetime(2025, 9, 29, 0, 0)}
  {'type': 'string_type', 'loc': ('response', 'data', 1, 'pay_period_start'), 'msg': 'Input should be a valid string', 'input': datetime.datetime(2025, 9, 22, 0, 0)}
  {'type': 'string_type', 'loc': ('response', 'data', 1, 'pay_period_end'), 'msg': 'Input should be a valid string', 'input': datetime.datetime(2025, 9, 29, 0, 0)}
  {'type': 'string_type', 'loc': ('response', 'data', 2, 'pay_period_start'), 'msg': 'Input should be a valid string', 'input': datetime.datetime(2025, 9, 22, 0, 0)}
  {'type': 'string_type', 'loc': ('response', 'data', 2, 'pay_period_end'), 'msg': 'Input should be a valid string', 'input': datetime.datetime(2025, 9, 29, 0, 0)}
  {'type': 'string_type', 'loc': ('response', 'data', 3, 'pay_period_start'), 'msg': 'Input should be a valid string', 'input': datetime.datetime(2025, 10, 5, 0, 0)}
  {'type': 'string_type', 'loc': ('response', 'data', 3, 'pay_period_end'), 'msg': 'Input should be a valid string', 'input': datetime.datetime(2025, 10, 26, 0, 0)}
 | Time: 0.273s
Traceback (most recent call last):
  File "/home/geehyess/Documents/Code/test/fastAPi-Carte/venv/lib/python3.13/site-packages/starlette/middleware/base.py", line 151, in call_next
    message = await recv_stream.receive()
              ^^^^^^^^^^^^^^^^^^^^^^^^^^^
  File "/home/geehyess/Documents/Code/test/fastAPi-Carte/venv/lib/python3.13/site-packages/anyio/streams/memory.py", line 126, in receive
    raise EndOfStream from None
anyio.EndOfStream

During handling of the above exception, another exception occurred:

Traceback (most recent call last):
  File "/home/geehyess/Documents/Code/test/fastAPi-Carte/app/middleware/logging_middleware.py", line 40, in dispatch
    response = await call_next(request)
               ^^^^^^^^^^^^^^^^^^^^^^^^
  File "/home/geehyess/Documents/Code/test/fastAPi-Carte/venv/lib/python3.13/site-packages/starlette/middleware/base.py", line 159, in call_next
    raise app_exc
  File "/home/geehyess/Documents/Code/test/fastAPi-Carte/venv/lib/python3.13/site-packages/starlette/middleware/base.py", line 144, in coro
    await self.app(scope, receive_or_disconnect, send_no_error)
  File "/home/geehyess/Documents/Code/test/fastAPi-Carte/venv/lib/python3.13/site-packages/starlette/middleware/exceptions.py", line 63, in __call__
    await wrap_app_handling_exceptions(self.app, conn)(scope, receive, send)
  File "/home/geehyess/Documents/Code/test/fastAPi-Carte/venv/lib/python3.13/site-packages/starlette/_exception_handler.py", line 53, in wrapped_app
    raise exc
  File "/home/geehyess/Documents/Code/test/fastAPi-Carte/venv/lib/python3.13/site-packages/starlette/_exception_handler.py", line 42, in wrapped_app
    await app(scope, receive, sender)
  File "/home/geehyess/Documents/Code/test/fastAPi-Carte/venv/lib/python3.13/site-packages/starlette/routing.py", line 716, in __call__
    await self.middleware_stack(scope, receive, send)
  File "/home/geehyess/Documents/Code/test/fastAPi-Carte/venv/lib/python3.13/site-packages/starlette/routing.py", line 736, in app
    await route.handle(scope, receive, send)
  File "/home/geehyess/Documents/Code/test/fastAPi-Carte/venv/lib/python3.13/site-packages/starlette/routing.py", line 290, in handle
    await self.app(scope, receive, send)
  File "/home/geehyess/Documents/Code/test/fastAPi-Carte/venv/lib/python3.13/site-packages/starlette/routing.py", line 78, in app
    await wrap_app_handling_exceptions(app, request)(scope, receive, send)
  File "/home/geehyess/Documents/Code/test/fastAPi-Carte/venv/lib/python3.13/site-packages/starlette/_exception_handler.py", line 53, in wrapped_app
    raise exc
  File "/home/geehyess/Documents/Code/test/fastAPi-Carte/venv/lib/python3.13/site-packages/starlette/_exception_handler.py", line 42, in wrapped_app
    await app(scope, receive, sender)
  File "/home/geehyess/Documents/Code/test/fastAPi-Carte/venv/lib/python3.13/site-packages/starlette/routing.py", line 75, in app
    response = await f(request)
               ^^^^^^^^^^^^^^^^
  File "/home/geehyess/Documents/Code/test/fastAPi-Carte/venv/lib/python3.13/site-packages/fastapi/routing.py", line 334, in app
    content = await serialize_response(
              ^^^^^^^^^^^^^^^^^^^^^^^^^
    ...<9 lines>...
    )
    ^
  File "/home/geehyess/Documents/Code/test/fastAPi-Carte/venv/lib/python3.13/site-packages/fastapi/routing.py", line 183, in serialize_response
    raise ResponseValidationError(
        errors=_normalize_errors(errors), body=response_content
    )
fastapi.exceptions.ResponseValidationError: 8 validation errors:
  {'type': 'string_type', 'loc': ('response', 'data', 0, 'pay_period_start'), 'msg': 'Input should be a valid string', 'input': datetime.datetime(2025, 9, 22, 0, 0)}
  {'type': 'string_type', 'loc': ('response', 'data', 0, 'pay_period_end'), 'msg': 'Input should be a valid string', 'input': datetime.datetime(2025, 9, 29, 0, 0)}
  {'type': 'string_type', 'loc': ('response', 'data', 1, 'pay_period_start'), 'msg': 'Input should be a valid string', 'input': datetime.datetime(2025, 9, 22, 0, 0)}
  {'type': 'string_type', 'loc': ('response', 'data', 1, 'pay_period_end'), 'msg': 'Input should be a valid string', 'input': datetime.datetime(2025, 9, 29, 0, 0)}
  {'type': 'string_type', 'loc': ('response', 'data', 2, 'pay_period_start'), 'msg': 'Input should be a valid string', 'input': datetime.datetime(2025, 9, 22, 0, 0)}
  {'type': 'string_type', 'loc': ('response', 'data', 2, 'pay_period_end'), 'msg': 'Input should be a valid string', 'input': datetime.datetime(2025, 9, 29, 0, 0)}
  {'type': 'string_type', 'loc': ('response', 'data', 3, 'pay_period_start'), 'msg': 'Input should be a valid string', 'input': datetime.datetime(2025, 10, 5, 0, 0)}
  {'type': 'string_type', 'loc': ('response', 'data', 3, 'pay_period_end'), 'msg': 'Input should be a valid string', 'input': datetime.datetime(2025, 10, 26, 0, 0)}

INFO:     127.0.0.1:56228 - "GET /api/payroll?store_id=68e28478a5cf3983c41f755b HTTP/1.1" 500 Internal Server Error
ERROR:    Exception in ASGI application
  + Exception Group Traceback (most recent call last):
  |   File "/home/geehyess/Documents/Code/test/fastAPi-Carte/venv/lib/python3.13/site-packages/starlette/_utils.py", line 79, in collapse_excgroups
  |     yield
  |   File "/home/geehyess/Documents/Code/test/fastAPi-Carte/venv/lib/python3.13/site-packages/starlette/middleware/base.py", line 183, in __call__
  |     async with anyio.create_task_group() as task_group:
  |                ~~~~~~~~~~~~~~~~~~~~~~~^^
  |   File "/home/geehyess/Documents/Code/test/fastAPi-Carte/venv/lib/python3.13/site-packages/anyio/_backends/_asyncio.py", line 772, in __aexit__
  |     raise BaseExceptionGroup(
  |         "unhandled errors in a TaskGroup", self._exceptions
  |     ) from None
  | ExceptionGroup: unhandled errors in a TaskGroup (1 sub-exception)
  +-+---------------- 1 ----------------
    | Traceback (most recent call last):
    |   File "/home/geehyess/Documents/Code/test/fastAPi-Carte/venv/lib/python3.13/site-packages/uvicorn/protocols/http/httptools_impl.py", line 409, in run_asgi
    |     result = await app(  # type: ignore[func-returns-value]
    |              ^^^^^^^^^^^^^^^^^^^^^^^^^^^^^^^^^^^^^^^^^^^^^^
    |         self.scope, self.receive, self.send
    |         ^^^^^^^^^^^^^^^^^^^^^^^^^^^^^^^^^^^
    |     )
    |     ^
    |   File "/home/geehyess/Documents/Code/test/fastAPi-Carte/venv/lib/python3.13/site-packages/uvicorn/middleware/proxy_headers.py", line 60, in __call__
    |     return await self.app(scope, receive, send)
    |            ^^^^^^^^^^^^^^^^^^^^^^^^^^^^^^^^^^^^
    |   File "/home/geehyess/Documents/Code/test/fastAPi-Carte/venv/lib/python3.13/site-packages/fastapi/applications.py", line 1082, in __call__
    |     await super().__call__(scope, receive, send)
    |   File "/home/geehyess/Documents/Code/test/fastAPi-Carte/venv/lib/python3.13/site-packages/starlette/applications.py", line 113, in __call__
    |     await self.middleware_stack(scope, receive, send)
    |   File "/home/geehyess/Documents/Code/test/fastAPi-Carte/venv/lib/python3.13/site-packages/starlette/middleware/errors.py", line 186, in __call__
    |     raise exc
    |   File "/home/geehyess/Documents/Code/test/fastAPi-Carte/venv/lib/python3.13/site-packages/starlette/middleware/errors.py", line 164, in __call__
    |     await self.app(scope, receive, _send)
    |   File "/home/geehyess/Documents/Code/test/fastAPi-Carte/venv/lib/python3.13/site-packages/starlette/middleware/cors.py", line 93, in __call__
    |     await self.simple_response(scope, receive, send, request_headers=headers)
    |   File "/home/geehyess/Documents/Code/test/fastAPi-Carte/venv/lib/python3.13/site-packages/starlette/middleware/cors.py", line 144, in simple_response
    |     await self.app(scope, receive, send)
    |   File "/home/geehyess/Documents/Code/test/fastAPi-Carte/venv/lib/python3.13/site-packages/starlette/middleware/base.py", line 182, in __call__
    |     with recv_stream, send_stream, collapse_excgroups():
    |                                    ~~~~~~~~~~~~~~~~~~^^
    |   File "/usr/lib/python3.13/contextlib.py", line 162, in __exit__
    |     self.gen.throw(value)
    |     ~~~~~~~~~~~~~~^^^^^^^
    |   File "/home/geehyess/Documents/Code/test/fastAPi-Carte/venv/lib/python3.13/site-packages/starlette/_utils.py", line 85, in collapse_excgroups
    |     raise exc
    |   File "/home/geehyess/Documents/Code/test/fastAPi-Carte/venv/lib/python3.13/site-packages/starlette/middleware/base.py", line 184, in __call__
    |     response = await self.dispatch_func(request, call_next)
    |                ^^^^^^^^^^^^^^^^^^^^^^^^^^^^^^^^^^^^^^^^^^^^
    |   File "/home/geehyess/Documents/Code/test/fastAPi-Carte/app/middleware/logging_middleware.py", line 40, in dispatch
    |     response = await call_next(request)
    |                ^^^^^^^^^^^^^^^^^^^^^^^^
    |   File "/home/geehyess/Documents/Code/test/fastAPi-Carte/venv/lib/python3.13/site-packages/starlette/middleware/base.py", line 159, in call_next
    |     raise app_exc
    |   File "/home/geehyess/Documents/Code/test/fastAPi-Carte/venv/lib/python3.13/site-packages/starlette/middleware/base.py", line 144, in coro
    |     await self.app(scope, receive_or_disconnect, send_no_error)
    |   File "/home/geehyess/Documents/Code/test/fastAPi-Carte/venv/lib/python3.13/site-packages/starlette/middleware/exceptions.py", line 63, in __call__
    |     await wrap_app_handling_exceptions(self.app, conn)(scope, receive, send)
    |   File "/home/geehyess/Documents/Code/test/fastAPi-Carte/venv/lib/python3.13/site-packages/starlette/_exception_handler.py", line 53, in wrapped_app
    |     raise exc
    |   File "/home/geehyess/Documents/Code/test/fastAPi-Carte/venv/lib/python3.13/site-packages/starlette/_exception_handler.py", line 42, in wrapped_app
    |     await app(scope, receive, sender)
    |   File "/home/geehyess/Documents/Code/test/fastAPi-Carte/venv/lib/python3.13/site-packages/starlette/routing.py", line 716, in __call__
    |     await self.middleware_stack(scope, receive, send)
    |   File "/home/geehyess/Documents/Code/test/fastAPi-Carte/venv/lib/python3.13/site-packages/starlette/routing.py", line 736, in app
    |     await route.handle(scope, receive, send)
    |   File "/home/geehyess/Documents/Code/test/fastAPi-Carte/venv/lib/python3.13/site-packages/starlette/routing.py", line 290, in handle
    |     await self.app(scope, receive, send)
    |   File "/home/geehyess/Documents/Code/test/fastAPi-Carte/venv/lib/python3.13/site-packages/starlette/routing.py", line 78, in app
    |     await wrap_app_handling_exceptions(app, request)(scope, receive, send)
    |   File "/home/geehyess/Documents/Code/test/fastAPi-Carte/venv/lib/python3.13/site-packages/starlette/_exception_handler.py", line 53, in wrapped_app
    |     raise exc
    |   File "/home/geehyess/Documents/Code/test/fastAPi-Carte/venv/lib/python3.13/site-packages/starlette/_exception_handler.py", line 42, in wrapped_app
    |     await app(scope, receive, sender)
    |   File "/home/geehyess/Documents/Code/test/fastAPi-Carte/venv/lib/python3.13/site-packages/starlette/routing.py", line 75, in app
    |     response = await f(request)
    |                ^^^^^^^^^^^^^^^^
    |   File "/home/geehyess/Documents/Code/test/fastAPi-Carte/venv/lib/python3.13/site-packages/fastapi/routing.py", line 334, in app
    |     content = await serialize_response(
    |               ^^^^^^^^^^^^^^^^^^^^^^^^^
    |     ...<9 lines>...
    |     )
    |     ^
    |   File "/home/geehyess/Documents/Code/test/fastAPi-Carte/venv/lib/python3.13/site-packages/fastapi/routing.py", line 183, in serialize_response
    |     raise ResponseValidationError(
    |         errors=_normalize_errors(errors), body=response_content
    |     )
    | fastapi.exceptions.ResponseValidationError: 8 validation errors:
    |   {'type': 'string_type', 'loc': ('response', 'data', 0, 'pay_period_start'), 'msg': 'Input should be a valid string', 'input': datetime.datetime(2025, 9, 22, 0, 0)}
    |   {'type': 'string_type', 'loc': ('response', 'data', 0, 'pay_period_end'), 'msg': 'Input should be a valid string', 'input': datetime.datetime(2025, 9, 29, 0, 0)}
    |   {'type': 'string_type', 'loc': ('response', 'data', 1, 'pay_period_start'), 'msg': 'Input should be a valid string', 'input': datetime.datetime(2025, 9, 22, 0, 0)}
    |   {'type': 'string_type', 'loc': ('response', 'data', 1, 'pay_period_end'), 'msg': 'Input should be a valid string', 'input': datetime.datetime(2025, 9, 29, 0, 0)}
    |   {'type': 'string_type', 'loc': ('response', 'data', 2, 'pay_period_start'), 'msg': 'Input should be a valid string', 'input': datetime.datetime(2025, 9, 22, 0, 0)}
    |   {'type': 'string_type', 'loc': ('response', 'data', 2, 'pay_period_end'), 'msg': 'Input should be a valid string', 'input': datetime.datetime(2025, 9, 29, 0, 0)}
    |   {'type': 'string_type', 'loc': ('response', 'data', 3, 'pay_period_start'), 'msg': 'Input should be a valid string', 'input': datetime.datetime(2025, 10, 5, 0, 0)}
    |   {'type': 'string_type', 'loc': ('response', 'data', 3, 'pay_period_end'), 'msg': 'Input should be a valid string', 'input': datetime.datetime(2025, 10, 26, 0, 0)}
    | 
    +------------------------------------

During handling of the above exception, another exception occurred:

Traceback (most recent call last):
  File "/home/geehyess/Documents/Code/test/fastAPi-Carte/venv/lib/python3.13/site-packages/uvicorn/protocols/http/httptools_impl.py", line 409, in run_asgi
    result = await app(  # type: ignore[func-returns-value]
             ^^^^^^^^^^^^^^^^^^^^^^^^^^^^^^^^^^^^^^^^^^^^^^
        self.scope, self.receive, self.send
        ^^^^^^^^^^^^^^^^^^^^^^^^^^^^^^^^^^^
    )
    ^
  File "/home/geehyess/Documents/Code/test/fastAPi-Carte/venv/lib/python3.13/site-packages/uvicorn/middleware/proxy_headers.py", line 60, in __call__
    return await self.app(scope, receive, send)
           ^^^^^^^^^^^^^^^^^^^^^^^^^^^^^^^^^^^^
  File "/home/geehyess/Documents/Code/test/fastAPi-Carte/venv/lib/python3.13/site-packages/fastapi/applications.py", line 1082, in __call__
    await super().__call__(scope, receive, send)
  File "/home/geehyess/Documents/Code/test/fastAPi-Carte/venv/lib/python3.13/site-packages/starlette/applications.py", line 113, in __call__
    await self.middleware_stack(scope, receive, send)
  File "/home/geehyess/Documents/Code/test/fastAPi-Carte/venv/lib/python3.13/site-packages/starlette/middleware/errors.py", line 186, in __call__
    raise exc
  File "/home/geehyess/Documents/Code/test/fastAPi-Carte/venv/lib/python3.13/site-packages/starlette/middleware/errors.py", line 164, in __call__
    await self.app(scope, receive, _send)
  File "/home/geehyess/Documents/Code/test/fastAPi-Carte/venv/lib/python3.13/site-packages/starlette/middleware/cors.py", line 93, in __call__
    await self.simple_response(scope, receive, send, request_headers=headers)
  File "/home/geehyess/Documents/Code/test/fastAPi-Carte/venv/lib/python3.13/site-packages/starlette/middleware/cors.py", line 144, in simple_response
    await self.app(scope, receive, send)
  File "/home/geehyess/Documents/Code/test/fastAPi-Carte/venv/lib/python3.13/site-packages/starlette/middleware/base.py", line 182, in __call__
    with recv_stream, send_stream, collapse_excgroups():
                                   ~~~~~~~~~~~~~~~~~~^^
  File "/usr/lib/python3.13/contextlib.py", line 162, in __exit__
    self.gen.throw(value)
    ~~~~~~~~~~~~~~^^^^^^^
  File "/home/geehyess/Documents/Code/test/fastAPi-Carte/venv/lib/python3.13/site-packages/starlette/_utils.py", line 85, in collapse_excgroups
    raise exc
  File "/home/geehyess/Documents/Code/test/fastAPi-Carte/venv/lib/python3.13/site-packages/starlette/middleware/base.py", line 184, in __call__
    response = await self.dispatch_func(request, call_next)
               ^^^^^^^^^^^^^^^^^^^^^^^^^^^^^^^^^^^^^^^^^^^^
  File "/home/geehyess/Documents/Code/test/fastAPi-Carte/app/middleware/logging_middleware.py", line 40, in dispatch
    response = await call_next(request)
               ^^^^^^^^^^^^^^^^^^^^^^^^
  File "/home/geehyess/Documents/Code/test/fastAPi-Carte/venv/lib/python3.13/site-packages/starlette/middleware/base.py", line 159, in call_next
    raise app_exc
  File "/home/geehyess/Documents/Code/test/fastAPi-Carte/venv/lib/python3.13/site-packages/starlette/middleware/base.py", line 144, in coro
    await self.app(scope, receive_or_disconnect, send_no_error)
  File "/home/geehyess/Documents/Code/test/fastAPi-Carte/venv/lib/python3.13/site-packages/starlette/middleware/exceptions.py", line 63, in __call__
    await wrap_app_handling_exceptions(self.app, conn)(scope, receive, send)
  File "/home/geehyess/Documents/Code/test/fastAPi-Carte/venv/lib/python3.13/site-packages/starlette/_exception_handler.py", line 53, in wrapped_app
    raise exc
  File "/home/geehyess/Documents/Code/test/fastAPi-Carte/venv/lib/python3.13/site-packages/starlette/_exception_handler.py", line 42, in wrapped_app
    await app(scope, receive, sender)
  File "/home/geehyess/Documents/Code/test/fastAPi-Carte/venv/lib/python3.13/site-packages/starlette/routing.py", line 716, in __call__
    await self.middleware_stack(scope, receive, send)
  File "/home/geehyess/Documents/Code/test/fastAPi-Carte/venv/lib/python3.13/site-packages/starlette/routing.py", line 736, in app
    await route.handle(scope, receive, send)
  File "/home/geehyess/Documents/Code/test/fastAPi-Carte/venv/lib/python3.13/site-packages/starlette/routing.py", line 290, in handle
    await self.app(scope, receive, send)
  File "/home/geehyess/Documents/Code/test/fastAPi-Carte/venv/lib/python3.13/site-packages/starlette/routing.py", line 78, in app
    await wrap_app_handling_exceptions(app, request)(scope, receive, send)
  File "/home/geehyess/Documents/Code/test/fastAPi-Carte/venv/lib/python3.13/site-packages/starlette/_exception_handler.py", line 53, in wrapped_app
    raise exc
  File "/home/geehyess/Documents/Code/test/fastAPi-Carte/venv/lib/python3.13/site-packages/starlette/_exception_handler.py", line 42, in wrapped_app
    await app(scope, receive, sender)
  File "/home/geehyess/Documents/Code/test/fastAPi-Carte/venv/lib/python3.13/site-packages/starlette/routing.py", line 75, in app
    response = await f(request)
               ^^^^^^^^^^^^^^^^
  File "/home/geehyess/Documents/Code/test/fastAPi-Carte/venv/lib/python3.13/site-packages/fastapi/routing.py", line 334, in app
    content = await serialize_response(
              ^^^^^^^^^^^^^^^^^^^^^^^^^
    ...<9 lines>...
    )
    ^
  File "/home/geehyess/Documents/Code/test/fastAPi-Carte/venv/lib/python3.13/site-packages/fastapi/routing.py", line 183, in serialize_response
    raise ResponseValidationError(
        errors=_normalize_errors(errors), body=response_content
    )
fastapi.exceptions.ResponseValidationError: 8 validation errors:
  {'type': 'string_type', 'loc': ('response', 'data', 0, 'pay_period_start'), 'msg': 'Input should be a valid string', 'input': datetime.datetime(2025, 9, 22, 0, 0)}
  {'type': 'string_type', 'loc': ('response', 'data', 0, 'pay_period_end'), 'msg': 'Input should be a valid string', 'input': datetime.datetime(2025, 9, 29, 0, 0)}
  {'type': 'string_type', 'loc': ('response', 'data', 1, 'pay_period_start'), 'msg': 'Input should be a valid string', 'input': datetime.datetime(2025, 9, 22, 0, 0)}
  {'type': 'string_type', 'loc': ('response', 'data', 1, 'pay_period_end'), 'msg': 'Input should be a valid string', 'input': datetime.datetime(2025, 9, 29, 0, 0)}
  {'type': 'string_type', 'loc': ('response', 'data', 2, 'pay_period_start'), 'msg': 'Input should be a valid string', 'input': datetime.datetime(2025, 9, 22, 0, 0)}
  {'type': 'string_type', 'loc': ('response', 'data', 2, 'pay_period_end'), 'msg': 'Input should be a valid string', 'input': datetime.datetime(2025, 9, 29, 0, 0)}
  {'type': 'string_type', 'loc': ('response', 'data', 3, 'pay_period_start'), 'msg': 'Input should be a valid string', 'input': datetime.datetime(2025, 10, 5, 0, 0)}
  {'type': 'string_type', 'loc': ('response', 'data', 3, 'pay_period_end'), 'msg': 'Input should be a valid string', 'input': datetime.datetime(2025, 10, 26, 0, 0)}

2025-10-21 07:38:55.418 | INFO     | api.database         | DB FIND | Collection: payroll_settings
2025-10-21 07:38:55.419 | INFO     | api.response         | SUCCESS RESPONSE | Code: 200 | Message: success
2025-10-21 07:38:55.422 | INFO     | api.middleware       | RESPONSE [a954fa83] | Status: 200 | Time: 0.444s
INFO:     127.0.0.1:56202 - "GET /api/payroll_settings?store_id=68e28478a5cf3983c41f755b HTTP/1.1" 200 OK
2025-10-21 07:38:55.444 | INFO     | api.middleware       | REQUEST [da3f9d61] | GET /api/payroll_settings | Client: 127.0.0.1 | User-Agent: Mozilla/5.0 (X11; Linux x86_64; rv:143.0) Gecko/20100101 Firefox/143.0
2025-10-21 07:38:55.613 | INFO     | api.database         | DB FIND | Collection: timesheet_entries
2025-10-21 07:38:55.614 | INFO     | api.response         | SUCCESS RESPONSE | Code: 200 | Message: success
2025-10-21 07:38:55.616 | INFO     | api.middleware       | RESPONSE [6be9f34d] | Status: 200 | Time: 0.305s
INFO:     127.0.0.1:56196 - "GET /api/timesheet_entries?store_id=68e28478a5cf3983c41f755b HTTP/1.1" 200 OK
2025-10-21 07:38:55.780 | INFO     | api.database         | DB FIND | Collection: job_titles
2025-10-21 07:38:55.781 | INFO     | api.response         | SUCCESS RESPONSE | Code: 200 | Message: success
2025-10-21 07:38:55.782 | INFO     | api.middleware       | RESPONSE [4e512288] | Status: 200 | Time: 0.632s
INFO:     127.0.0.1:56212 - "GET /api/job_titles?store_id=68e28478a5cf3983c41f755b HTTP/1.1" 200 OK
2025-10-21 07:38:56.084 | INFO     | api.database         | DB FIND | Collection: payroll_settings
2025-10-21 07:38:56.085 | INFO     | api.response         | SUCCESS RESPONSE | Code: 200 | Message: success
2025-10-21 07:38:56.085 | INFO     | api.middleware       | RESPONSE [da3f9d61] | Status: 200 | Time: 0.644s
INFO:     127.0.0.1:56202 - "GET /api/payroll_settings?store_id=68e28478a5cf3983c41f755b HTTP/1.1" 200 OK
2025-10-21 07:38:56.606 | INFO     | api.database         | DB FIND | Collection: employees
2025-10-21 07:38:56.607 | INFO     | api.response         | SUCCESS RESPONSE | Code: 200 | Message: success
2025-10-21 07:38:56.609 | INFO     | api.middleware       | RESPONSE [71bfea5b] | Status: 200 | Time: 1.630s
INFO:     127.0.0.1:56238 - "GET /api/employees?store_id=68e28478a5cf3983c41f755b HTTP/1.1" 200 OK
2025-10-21 07:38:56.616 | INFO     | api.middleware       | REQUEST [be6c9f2c] | GET /api/employees | Client: 127.0.0.1 | User-Agent: Mozilla/5.0 (X11; Linux x86_64; rv:143.0) Gecko/20100101 Firefox/143.0
2025-10-21 07:38:57.484 | INFO     | api.database         | DB FIND | Collection: employees
2025-10-21 07:38:57.486 | INFO     | api.response         | SUCCESS RESPONSE | Code: 200 | Message: success
2025-10-21 07:38:57.488 | INFO     | api.middleware       | RESPONSE [be6c9f2c] | Status: 200 | Time: 0.872s
INFO:     127.0.0.1:56238 - "GET /api/employees?store_id=68e28478a5cf3983c41f755b HTTP/1.1" 200 OK

